LOGGING AT 2023년 02월 07일 화요일 오후 04:13:28
`[T VERSION]
0.71.20220613;
`[FILE SIZE]
344,064;
`[TABLE NAMES]
학년별;강사별;강의실별;
`[NUMBER OF SECTORS]
4;
`[DAYS]
월;화;수;목;금;
`[GRADES]
1학년;2학년;3학년;4학년;
`[PERIODS]
1;2;3;4;5;6;7;8;9;10;11;12;13;14;15;16;17;18;
`[TIMES]
09:00~09:30;09:30~10:00;10:00~10:30;10:30~11:00;11:00~11:30;11:30~12:00;12:00~12:30;12:30~13:00;13:00~13:30;13:30~14:00;14:00~14:30;14:30~15:00;15:00~15:30;15:30~16:00;16:00~16:30;16:30~17:00;17:00~17:30;17:30~18:00;
`[HML TABLE WIDTH]
80156;
`[HML TABLE HEIGHT]
50512;
`[HML TIME WIDTH]
5924;
`[HML PERIOD WIDTH]
1678;
`[HML SECTOR HEIGHT]
2297;
`[HML DAY HEIGHT]
2297;
`[FILENAME]
C:\\Users\\kpark\\Downloads\\1차(23-1).tsv;
`[TITLE]
시간표;
`[강사-단일]
0;강승묵;;
1;박경수;;
2;권형준;;
3;고기환;;
4;조윤숙;;
5;이정현;;
6;윤형섭;;
7;박소연;;
8;신소헌;;
9;박형웅;;
`[강사-종합]
0;9229611;0;;0,;;
1;6079727;0;;1,;;
2;13021309;0;;2,;;
3;14717671;0;;3,;;
4;11322849;0;;4,;;
5;16371148;0;;5,;;
6;16381868;0;;6,;;
7;7828730;0;;7,;;
8;16777215;0;;8,;;
9;16777215;0;;9,;;
`[강의실]
0;예술관 109;;
1;예술관 110;;
2;예술관 217;;
3;예별 310;;
4;예별 311;;
5;예별 314;;
6;예별 212;;
`[교과목]
0;;채플;0;;6,;3;;
1;;채플;1;;7,;3;;
2;;외국어;0;;2,3,;6;;
3;;의사소통;0;;10,11,;6;;
4;;인성;0;;4,5,;6;;
5;;기독교;1;;8,9,;6;;
6;;핵심교양;1;;0,1,;6;;
7;;프로그래밍로직 (1);0;1;12,14,;6;;
8;;프로그래밍로직 (2);0;0;13,15,;6;;
9;;디지털스토리텔링 (1);0;4;23,;6;;
10;;디지털스토리텔링 (2);0;7;16,;6;;
11;;문화산업의 이해 (1);0;5;17,18,;6;;
12;;문화산업의 이해 (2);0;0;20,21,;6;;
13;;2D그래픽스 I (1);1;3;33,;6;;
14;;2D그래픽스 I (2);1;7;25,;6;;
15;;3D그래픽스 I (1);1;3;24,;6;;
16;;3D그래픽스 I (2);1;2;36,;6;;
17;;게임알고리즘 (1);1;1;19,22,;6;;
18;;게임알고리즘 (2);1;4;30,31,;6;;
19;;C프로그래밍 (1);1;1;26,27,;6;;
20;;C프로그래밍 (2);1;0;28,29,;6;;
21;;게임컨셉디자인 (1);1;4;34,;4;;
22;;게임컨셉디자인 (2);1;6;32,;6;;
23;;캐릭터디자인 (1);1;2;39,;6;;
24;;캐릭터디자인 (2);1;7;35,;6;;
25;;3D애니메이션;2;2;37,;6;;
26;;게임그래픽제작실무(1)(캡스톤디자인);2;3;38,;6;;
27;;게임기획실무;2;6;42,;6;;
28;;게임사운드디자인;2;8;40,;6;;
29;;스마트디바이스프로그래밍;2;1;41,45,;6;;
30;;윈도우즈프로그래밍;2;1;43,44,;6;;
31;;게임 UX/UI 디자인;3;9;47,;6;;
32;;게임창업프로젝트(캡스톤디자인);3;3;46,;4;;
33;;게임품질관리;3;5;48,;6;;
`[강의]
0;6;;2;12~14;1;;
1;6;;0;9~11;1;;
2;2;;1;12~14;0;;
3;2;;3;9~11;0;;
4;4;;1;9~11;0;;
5;4;;3;12~14;0;;
6;0;;1;4~6;0;;
7;1;;1;9~11;1;;
8;5;;1;12~14;1;;
9;5;;3;9~11;1;;
10;3;;2;1~3;0;;
11;3;;4;4~6;0;;
12;7;0;0;4~6;0;;
13;8;0;3;4~6;0;;
14;7;0;3;1~3;0;;
15;8;0;0;1~3;0;;
16;10;3;4;9~14;0;;
17;11;0;3;15~17;0;;
18;11;0;1;15~17;0;;
19;17;2;0;1~3;1;;
20;12;1;1;15~17;0;;
21;12;1;3;15~17;0;;
22;17;2;3;15~17;1;;
23;9;4;0;9~14;0;;
24;15;1;2;1~6;1;;
25;14;0;1;1~6;1;;
26;19;2;3;12~14;1;;
27;19;2;2;9~11;1;;
28;20;6;2;9~11;1;;
29;20;6;3;12~14;1;;
30;18;6;0;1~3;1;;
31;18;6;3;15~17;1;;
32;22;3;3;1~6;1;;
33;13;1;1;1~6;1;;
34;21;3;1;15~18;1;;
35;24;1;0;12~17;1;;
36;16;0;2;1~6;1;;
37;25;0;1;9~14;2;;
38;26;1;3;1~6;2;;
39;23;0;4;1~6;1;;
40;28;1;0;1~6;2;;
41;29;2;2;4~6;2;;
42;27;3;3;9~14;2;;
43;30;2;2;12~14;2;;
44;30;2;1;1~3;2;;
45;29;2;1;4~6;2;;
46;32;5;2;9~12;3;;
47;31;3;1;8~13;3;;
48;33;4;4;9~14;3;;
